[0516/182927:ERROR:process_reader_win.cc(232)] ReadMemory at 0x920000 of 64 bytes failed: Запрос ReadProcessMemory или WriteProcessMemory был выполнен только частично. (0x12B)
[0516/182927:WARNING:pe_image_reader.cc(280)] could not read dos header from C:\Program Files\Google\Chrome\Application\chrome.exe
[0516/182927:ERROR:process_reader_win.cc(232)] ReadMemory at 0x77230000 of 64 bytes failed: Запрос ReadProcessMemory или WriteProcessMemory был выполнен только частично. (0x12B)
[0516/182927:WARNING:pe_image_reader.cc(280)] could not read dos header from C:\Windows\SYSTEM32\ntdll.dll
[0516/182927:ERROR:process_reader_win.cc(232)] ReadMemory at 0x74540000 of 64 bytes failed: Запрос ReadProcessMemory или WriteProcessMemory был выполнен только частично. (0x12B)
[0516/182927:WARNING:pe_image_reader.cc(280)] could not read dos header from C:\Windows\system32\KERNELBASE.dll
[0516/182927:ERROR:process_reader_win.cc(232)] ReadMemory at 0x75010000 of 64 bytes failed: Запрос ReadProcessMemory или WriteProcessMemory был выполнен только частично. (0x12B)
[0516/182927:WARNING:pe_image_reader.cc(280)] could not read dos header from C:\Windows\system32\KERNEL32.dll
[0516/182927:ERROR:process_reader_win.cc(232)] ReadMemory at 0x72b70000 of 64 bytes failed: Запрос ReadProcessMemory или WriteProcessMemory был выполнен только частично. (0x12B)
[0516/182927:WARNING:pe_image_reader.cc(280)] could not read dos header from C:\Windows\system32\apphelp.dll
[0516/182927:ERROR:process_reader_win.cc(232)] ReadMemory at 0x77170000 of 64 bytes failed: Запрос ReadProcessMemory или WriteProcessMemory был выполнен только частично. (0x12B)
[0516/182927:WARNING:pe_image_reader.cc(280)] could not read dos header from C:\Windows\system32\msvcrt.dll
[0516/182927:ERROR:process_reader_win.cc(232)] ReadMemory at 0x74a30000 of 64 bytes failed: Запрос ReadProcessMemory или WriteProcessMemory был выполнен только частично. (0x12B)
[0516/182927:WARNING:pe_image_reader.cc(280)] could not read dos header from C:\Windows\system32\RPCRT4.dll
[0516/182927:ERROR:process_reader_win.cc(232)] ReadMemory at 0x74c60000 of 64 bytes failed: Запрос ReadProcessMemory или WriteProcessMemory был выполнен только частично. (0x12B)
[0516/182927:WARNING:pe_image_reader.cc(280)] could not read dos header from C:\Windows\system32\sechost.dll
[0516/182927:ERROR:process_reader_win.cc(232)] ReadMemory at 0x74d40000 of 64 bytes failed: Запрос ReadProcessMemory или WriteProcessMemory был выполнен только частично. (0x12B)
[0516/182927:WARNING:pe_image_reader.cc(280)] could not read dos header from C:\Windows\system32\ADVAPI32.dll
[0516/182927:ERROR:process_reader_win.cc(232)] ReadMemory at 0x6b4e0000 of 64 bytes failed: Запрос ReadProcessMemory или WriteProcessMemory был выполнен только частично. (0x12B)
[0516/182927:WARNING:pe_image_reader.cc(280)] could not read dos header from C:\Program Files\Google\Chrome\Application\50.0.2661.102\chrome_elf.dll
[0516/182927:ERROR:process_reader_win.cc(232)] ReadMemory at 0x71120000 of 64 bytes failed: Запрос ReadProcessMemory или WriteProcessMemory был выполнен только частично. (0x12B)
[0516/182927:WARNING:pe_image_reader.cc(280)] could not read dos header from C:\Windows\SYSTEM32\VERSION.dll
[0516/182927:ERROR:process_reader_win.cc(232)] ReadMemory at 0x749f0000 of 64 bytes failed: Запрос ReadProcessMemory или WriteProcessMemory был выполнен только частично. (0x12B)
[0516/182927:WARNING:pe_image_reader.cc(280)] could not read dos header from C:\Windows\system32\cfgmgr32.dll
[0516/182927:ERROR:process_reader_win.cc(232)] ReadMemory at 0x72970000 of 64 bytes failed: Запрос ReadProcessMemory или WriteProcessMemory был выполнен только частично. (0x12B)
[0516/182927:WARNING:pe_image_reader.cc(280)] could not read dos header from C:\Windows\SYSTEM32\WINMMBASE.dll
[0516/182927:ERROR:process_reader_win.cc(232)] ReadMemory at 0x74b00000 of 64 bytes failed: Запрос ReadProcessMemory или WriteProcessMemory был выполнен только частично. (0x12B)
[0516/182927:WARNING:pe_image_reader.cc(280)] could not read dos header from C:\Windows\system32\GDI32.dll
[0516/182927:ERROR:process_reader_win.cc(232)] ReadMemory at 0x76c80000 of 64 bytes failed: Запрос ReadProcessMemory или WriteProcessMemory был выполнен только частично. (0x12B)
[0516/182927:WARNING:pe_image_reader.cc(280)] could not read dos header from C:\Windows\system32\USER32.dll
[0516/182927:ERROR:process_reader_win.cc(232)] ReadMemory at 0x76840000 of 64 bytes failed: Запрос ReadProcessMemory или WriteProcessMemory был выполнен только частично. (0x12B)
[0516/182927:WARNING:pe_image_reader.cc(280)] could not read dos header from C:\Windows\system32\IMM32.DLL
[0516/182927:ERROR:process_reader_win.cc(232)] ReadMemory at 0x729e0000 of 64 bytes failed: Запрос ReadProcessMemory или WriteProcessMemory был выполнен только частично. (0x12B)
[0516/182927:WARNING:pe_image_reader.cc(280)] could not read dos header from C:\Windows\SYSTEM32\WINMM.dll
[0516/182927:ERROR:process_reader_win.cc(232)] ReadMemory at 0x73fb0000 of 64 bytes failed: Запрос ReadProcessMemory или WriteProcessMemory был выполнен только частично. (0x12B)
[0516/182927:WARNING:pe_image_reader.cc(280)] could not read dos header from C:\Windows\system32\profapi.dll
[0516/182927:ERROR:process_reader_win.cc(232)] ReadMemory at 0x738c0000 of 64 bytes failed: Запрос ReadProcessMemory или WriteProcessMemory был выполнен только частично. (0x12B)
[0516/182927:WARNING:pe_image_reader.cc(280)] could not read dos header from C:\Windows\SYSTEM32\USERENV.dll
[0516/182927:ERROR:process_reader_win.cc(232)] ReadMemory at 0x727c0000 of 64 bytes failed: Запрос ReadProcessMemory или WriteProcessMemory был выполнен только частично. (0x12B)
[0516/182927:WARNING:pe_image_reader.cc(280)] could not read dos header from C:\Windows\SYSTEM32\WTSAPI32.dll
[0516/182927:ERROR:process_reader_win.cc(232)] ReadMemory at 0x69680000 of 64 bytes failed: Запрос ReadProcessMemory или WriteProcessMemory был выполнен только частично. (0x12B)
[0516/182927:WARNING:pe_image_reader.cc(280)] could not read dos header from C:\Windows\SYSTEM32\WINHTTP.dll
[0516/182927:ERROR:process_reader_win.cc(232)] ReadMemory at 0x74720000 of 64 bytes failed: Запрос ReadProcessMemory или WriteProcessMemory был выполнен только частично. (0x12B)
[0516/182927:WARNING:pe_image_reader.cc(280)] could not read dos header from C:\Windows\system32\bcryptPrimitives.dll
[0516/182927:ERROR:process_reader_win.cc(232)] ReadMemory at 0x73b80000 of 64 bytes failed: Запрос ReadProcessMemory или WriteProcessMemory был выполнен только частично. (0x12B)
[0516/182927:WARNING:pe_image_reader.cc(280)] could not read dos header from C:\Windows\SYSTEM32\CRYPTBASE.DLL
[0516/182927:ERROR:process_reader_win.cc(232)] ReadMemory at 0x74e50000 of 64 bytes failed: Запрос ReadProcessMemory или WriteProcessMemory был выполнен только частично. (0x12B)
[0516/182927:WARNING:pe_image_reader.cc(280)] could not read dos header from C:\Windows\system32\combase.dll
[0516/182927:ERROR:process_reader_win.cc(232)] ReadMemory at 0x750b0000 of 64 bytes failed: Запрос ReadProcessMemory или WriteProcessMemory был выполнен только частично. (0x12B)
[0516/182927:WARNING:pe_image_reader.cc(280)] could not read dos header from C:\Windows\system32\shlwapi.dll
[0516/182927:ERROR:process_reader_win.cc(232)] ReadMemory at 0x73fa0000 of 64 bytes failed: Запрос ReadProcessMemory или WriteProcessMemory был выполнен только частично. (0x12B)
[0516/182927:WARNING:pe_image_reader.cc(280)] could not read dos header from C:\Windows\system32\kernel.appcore.dll
[0516/182927:ERROR:process_reader_win.cc(232)] ReadMemory at 0x74cb0000 of 64 bytes failed: Запрос ReadProcessMemory или WriteProcessMemory был выполнен только частично. (0x12B)
[0516/182927:WARNING:pe_image_reader.cc(280)] could not read dos header from C:\Windows\system32\shcore.dll
[0516/182927:ERROR:process_reader_win.cc(232)] ReadMemory at 0x73fd0000 of 64 bytes failed: Запрос ReadProcessMemory или WriteProcessMemory был выполнен только частично. (0x12B)
[0516/182927:WARNING:pe_image_reader.cc(280)] could not read dos header from C:\Windows\system32\powrprof.dll
[0516/182927:ERROR:process_reader_win.cc(232)] ReadMemory at 0x74020000 of 64 bytes failed: Запрос ReadProcessMemory или WriteProcessMemory был выполнен только частично. (0x12B)
[0516/182927:WARNING:pe_image_reader.cc(280)] could not read dos header from C:\Windows\system32\windows.storage.dll
[0516/182927:ERROR:process_reader_win.cc(232)] ReadMemory at 0xa00000 of 64 bytes failed: Запрос ReadProcessMemory или WriteProcessMemory был выполнен только частично. (0x12B)
[0516/182927:WARNING:pe_image_reader.cc(280)] could not read dos header from C:\Windows\system32\SHELL32.dll
[0516/182927:ERROR:process_reader_win.cc(232)] ReadMemory at 0x75230000 of 64 bytes failed: Запрос ReadProcessMemory или WriteProcessMemory был выполнен только частично. (0x12B)
[0516/182927:WARNING:pe_image_reader.cc(280)] could not read dos header from C:\Windows\system32\PSAPI.DLL
[0516/182927:ERROR:process_reader_win.cc(232)] ReadMemory at 0x73c40000 of 64 bytes failed: Запрос ReadProcessMemory или WriteProcessMemory был выполнен только частично. (0x12B)
[0516/182927:WARNING:pe_image_reader.cc(280)] could not read dos header from C:\Windows\SYSTEM32\bcrypt.dll
[0516/182927:ERROR:process_reader_win.cc(232)] ReadMemory at 0x70470000 of 64 bytes failed: Запрос ReadProcessMemory или WriteProcessMemory был выполнен только частично. (0x12B)
[0516/182927:WARNING:pe_image_reader.cc(280)] could not read dos header from C:\Windows\SYSTEM32\WINSPOOL.DRV
[0516/182927:ERROR:process_reader_win.cc(232)] ReadMemory at 0x70f00000 of 64 bytes failed: Запрос ReadProcessMemory или WriteProcessMemory был выполнен только частично. (0x12B)
[0516/182927:WARNING:pe_image_reader.cc(280)] could not read dos header from C:\Windows\WinSxS\x86_microsoft.windows.common-controls_6595b64144ccf1df_6.0.10586.0_none_d3c2e4e965da4528\COMCTL32.dll
[0516/182927:ERROR:process_reader_win.cc(232)] ReadMemory at 0x746c0000 of 64 bytes failed: Запрос ReadProcessMemory или WriteProcessMemory был выполнен только частично. (0x12B)
[0516/182927:WARNING:pe_image_reader.cc(280)] could not read dos header from C:\Windows\system32\FirewallAPI.dll
[0516/182927:ERROR:process_reader_win.cc(232)] ReadMemory at 0x73030000 of 64 bytes failed: Запрос ReadProcessMemory или WriteProcessMemory был выполнен только частично. (0x12B)
[0516/182927:WARNING:pe_image_reader.cc(280)] could not read dos header from C:\Windows\system32\fwbase.dll
[0516/182927:ERROR:process_reader_win.cc(232)] ReadMemory at 0x74520000 of 64 bytes failed: Запрос ReadProcessMemory или WriteProcessMemory был выполнен только частично. (0x12B)
[0516/182927:WARNING:pe_image_reader.cc(280)] could not read dos header from C:\Windows\system32\NETAPI32.dll
[0516/182927:ERROR:process_reader_win.cc(232)] ReadMemory at 0x72a50000 of 64 bytes failed: Запрос ReadProcessMemory или WriteProcessMemory был выполнен только частично. (0x12B)
[0516/182927:WARNING:pe_image_reader.cc(280)] could not read dos header from C:\Windows\SYSTEM32\DAVHLPR.DLL
[0516/182927:ERROR:process_reader_win.cc(232)] ReadMemory at 0x76740000 of 64 bytes failed: Запрос ReadProcessMemory или WriteProcessMemory был выполнен только частично. (0x12B)
[0516/182927:WARNING:pe_image_reader.cc(280)] could not read dos header from C:\Windows\system32\COMDLG32.dll
[0516/182927:ERROR:process_reader_win.cc(232)] ReadMemory at 0x76e20000 of 64 bytes failed: Запрос ReadProcessMemory или WriteProcessMemory был выполнен только частично. (0x12B)
[0516/182927:WARNING:pe_image_reader.cc(280)] could not read dos header from C:\Windows\system32\ole32.dll
[0516/182927:ERROR:process_reader_win.cc(232)] ReadMemory at 0x766a0000 of 64 bytes failed: Запрос ReadProcessMemory или WriteProcessMemory был выполнен только частично. (0x12B)
[0516/182927:WARNING:pe_image_reader.cc(280)] could not read dos header from C:\Windows\system32\OLEAUT32.dll
[0516/182927:ERROR:process_reader_win.cc(232)] ReadMemory at 0x6a1e0000 of 64 bytes failed: Запрос ReadProcessMemory или WriteProcessMemory был выполнен только частично. (0x12B)
[0516/182927:WARNING:pe_image_reader.cc(280)] could not read dos header from C:\Windows\SYSTEM32\IPHLPAPI.DLL
[0516/182927:ERROR:process_reader_win.cc(232)] ReadMemory at 0x76640000 of 64 bytes failed: Запрос ReadProcessMemory или WriteProcessMemory был выполнен только частично. (0x12B)
[0516/182927:WARNING:pe_image_reader.cc(280)] could not read dos header from C:\Windows\system32\WS2_32.dll
[0516/182927:ERROR:process_reader_win.cc(232)] ReadMemory at 0x6c780000 of 64 bytes failed: Запрос ReadProcessMemory или WriteProcessMemory был выполнен только частично. (0x12B)
[0516/182927:WARNING:pe_image_reader.cc(280)] could not read dos header from C:\Windows\SYSTEM32\USP10.dll
[0516/182927:ERROR:process_reader_win.cc(232)] ReadMemory at 0x73fc0000 of 64 bytes failed: Запрос ReadProcessMemory или WriteProcessMemory был выполнен только частично. (0x12B)
[0516/182927:WARNING:pe_image_reader.cc(280)] could not read dos header from C:\Windows\system32\MSASN1.dll
[0516/182927:ERROR:process_reader_win.cc(232)] ReadMemory at 0x747d0000 of 64 bytes failed: Запрос ReadProcessMemory или WriteProcessMemory был выполнен только частично. (0x12B)
[0516/182927:WARNING:pe_image_reader.cc(280)] could not read dos header from C:\Windows\system32\CRYPT32.dll
[0516/182927:ERROR:process_reader_win.cc(232)] ReadMemory at 0x74780000 of 64 bytes failed: Запрос ReadProcessMemory или WriteProcessMemory был выполнен только частично. (0x12B)
[0516/182927:WARNING:pe_image_reader.cc(280)] could not read dos header from C:\Windows\system32\WINTRUST.dll
[0516/182927:ERROR:process_reader_win.cc(232)] ReadMemory at 0x651a0000 of 64 bytes failed: Запрос ReadProcessMemory или WriteProcessMemory был выполнен только частично. (0x12B)
[0516/182927:WARNING:pe_image_reader.cc(280)] could not read dos header from C:\Windows\SYSTEM32\Secur32.dll
[0516/182927:ERROR:process_reader_win.cc(232)] ReadMemory at 0x73d20000 of 64 bytes failed: Запрос ReadProcessMemory или WriteProcessMemory был выполнен только частично. (0x12B)
[0516/182927:WARNING:pe_image_reader.cc(280)] could not read dos header from C:\Windows\SYSTEM32\SSPICLI.DLL
[0516/182927:ERROR:process_reader_win.cc(232)] ReadMemory at 0xfc80000 of 64 bytes failed: Запрос ReadProcessMemory или WriteProcessMemory был выполнен только частично. (0x12B)
[0516/182927:WARNING:pe_image_reader.cc(280)] could not read dos header from C:\Program Files\Google\Chrome\Application\50.0.2661.102\chrome_child.dll
[0516/182927:ERROR:process_reader_win.cc(232)] ReadMemory at 0x602c0000 of 64 bytes failed: Запрос ReadProcessMemory или WriteProcessMemory был выполнен только частично. (0x12B)
[0516/182927:WARNING:pe_image_reader.cc(280)] could not read dos header from C:\Program Files\AVAST Software\Avast\aswJsFlt.dll
[0516/182927:ERROR:process_reader_win.cc(232)] ReadMemory at 0x69e20000 of 64 bytes failed: Запрос ReadProcessMemory или WriteProcessMemory был выполнен только частично. (0x12B)
[0516/182927:WARNING:pe_image_reader.cc(280)] could not read dos header from C:\Windows\WinSxS\x86_avast.vc110.crt_2036b14a11e83e4a_11.0.60610.1_none_1d37a43bbfe1dc9c\MSVCR110.dll
[0516/182927:ERROR:process_reader_win.cc(232)] ReadMemory at 0x69b00000 of 64 bytes failed: Запрос ReadProcessMemory или WriteProcessMemory был выполнен только частично. (0x12B)
[0516/182927:WARNING:pe_image_reader.cc(280)] could not read dos header from C:\PROGRA~1\AVASTS~1\Avast\aswCmnIS.dll
[0516/182927:ERROR:process_reader_win.cc(232)] ReadMemory at 0x69c80000 of 64 bytes failed: Запрос ReadProcessMemory или WriteProcessMemory был выполнен только частично. (0x12B)
[0516/182927:WARNING:pe_image_reader.cc(280)] could not read dos header from C:\Windows\WinSxS\x86_avast.vc110.crt_2036b14a11e83e4a_11.0.60610.1_none_1d37a43bbfe1dc9c\MSVCP110.dll
[0516/182927:ERROR:process_reader_win.cc(232)] ReadMemory at 0x69950000 of 64 bytes failed: Запрос ReadProcessMemory или WriteProcessMemory был выполнен только частично. (0x12B)
[0516/182927:WARNING:pe_image_reader.cc(280)] could not read dos header from C:\PROGRA~1\AVASTS~1\Avast\aswCmnOS.dll
[0516/182927:ERROR:process_reader_win.cc(232)] ReadMemory at 0x69c20000 of 64 bytes failed: Запрос ReadProcessMemory или WriteProcessMemory был выполнен только частично. (0x12B)
[0516/182927:WARNING:pe_image_reader.cc(280)] could not read dos header from C:\PROGRA~1\AVASTS~1\Avast\aswCmnBS.dll
[0516/182927:ERROR:process_reader_win.cc(232)] ReadMemory at 0x69f00000 of 64 bytes failed: Запрос ReadProcessMemory или WriteProcessMemory был выполнен только частично. (0x12B)
[0516/182927:WARNING:pe_image_reader.cc(280)] could not read dos header from C:\PROGRA~1\AVASTS~1\Avast\log.dll
[0516/182927:ERROR:process_reader_win.cc(232)] ReadMemory at 0x75220000 of 64 bytes failed: Запрос ReadProcessMemory или WriteProcessMemory был выполнен только частично. (0x12B)
[0516/182927:WARNING:pe_image_reader.cc(280)] could not read dos header from C:\Windows\system32\NSI.dll
[0516/182927:ERROR:process_reader_win.cc(232)] ReadMemory at 0x72da0000 of 64 bytes failed: Запрос ReadProcessMemory или WriteProcessMemory был выполнен только частично. (0x12B)
[0516/182927:WARNING:pe_image_reader.cc(280)] could not read dos header from C:\Windows\SYSTEM32\DNSAPI.dll
[0516/182927:ERROR:process_reader_win.cc(232)] ReadMemory at 0x69a30000 of 64 bytes failed: Запрос ReadProcessMemory или WriteProcessMemory был выполнен только частично. (0x12B)
[0516/182927:WARNING:pe_image_reader.cc(280)] could not read dos header from C:\PROGRA~1\AVASTS~1\Avast\commchannel.dll
[0516/182927:ERROR:process_reader_win.cc(232)] ReadMemory at 0x68980000 of 64 bytes failed: Запрос ReadProcessMemory или WriteProcessMemory был выполнен только частично. (0x12B)
[0516/182927:WARNING:pe_image_reader.cc(280)] could not read dos header from C:\PROGRA~1\AVASTS~1\Avast\JsonRpcServer.dll
[0516/182927:ERROR:process_reader_win.cc(232)] ReadMemory at 0x69ad0000 of 64 bytes failed: Запрос ReadProcessMemory или WriteProcessMemory был выполнен только частично. (0x12B)
[0516/182927:WARNING:pe_image_reader.cc(280)] could not read dos header from C:\PROGRA~1\AVASTS~1\Avast\avastIP.dll
[0516/182927:ERROR:process_reader_win.cc(232)] ReadMemory at 0x699a0000 of 64 bytes failed: Запрос ReadProcessMemory или WriteProcessMemory был выполнен только частично. (0x12B)
[0516/182927:WARNING:pe_image_reader.cc(280)] could not read dos header from C:\PROGRA~1\AVASTS~1\Avast\aswEngLdr.dll
[0516/182927:ERROR:process_reader_win.cc(232)] ReadMemory at 0x682a0000 of 64 bytes failed: Запрос ReadProcessMemory или WriteProcessMemory был выполнен только частично. (0x12B)
[0516/182927:WARNING:pe_image_reader.cc(280)] could not read dos header from C:\PROGRA~1\AVASTS~1\Avast\AavmRpch.dll
[0516/182927:ERROR:process_reader_win.cc(232)] ReadMemory at 0x69af0000 of 64 bytes failed: Запрос ReadProcessMemory или WriteProcessMemory был выполнен только частично. (0x12B)
[0516/182927:WARNING:pe_image_reader.cc(280)] could not read dos header from C:\Windows\SYSTEM32\WSOCK32.dll
[0516/182927:ERROR:process_reader_win.cc(232)] ReadMemory at 0x76870000 of 64 bytes failed: Запрос ReadProcessMemory или WriteProcessMemory был выполнен только частично. (0x12B)
[0516/182927:WARNING:pe_image_reader.cc(280)] could not read dos header from C:\Windows\system32\SETUPAPI.dll
[0516/182927:ERROR:process_reader_win.cc(232)] ReadMemory at 0x69720000 of 64 bytes failed: Запрос ReadProcessMemory или WriteProcessMemory был выполнен только частично. (0x12B)
[0516/182927:WARNING:pe_image_reader.cc(280)] could not read dos header from C:\Windows\SYSTEM32\WININET.dll
[0516/182927:ERROR:process_reader_win.cc(232)] ReadMemory at 0x69d10000 of 64 bytes failed: Запрос ReadProcessMemory или WriteProcessMemory был выполнен только частично. (0x12B)
[0516/182927:WARNING:pe_image_reader.cc(280)] could not read dos header from C:\PROGRA~1\AVASTS~1\Avast\ashBase.dll
[0516/182927:ERROR:process_reader_win.cc(232)] ReadMemory at 0x68760000 of 64 bytes failed: Запрос ReadProcessMemory или WriteProcessMemory был выполнен только частично. (0x12B)
[0516/182927:WARNING:pe_image_reader.cc(280)] could not read dos header from C:\PROGRA~1\AVASTS~1\Avast\aswAux.dll
[0516/182927:ERROR:process_reader_win.cc(232)] ReadMemory at 0x686f0000 of 64 bytes failed: Запрос ReadProcessMemory или WriteProcessMemory был выполнен только частично. (0x12B)
[0516/182927:WARNING:pe_image_reader.cc(280)] could not read dos header from C:\PROGRA~1\AVASTS~1\Avast\ashTask.dll
[0516/182927:ERROR:process_reader_win.cc(232)] ReadMemory at 0x68280000 of 64 bytes failed: Запрос ReadProcessMemory или WriteProcessMemory был выполнен только частично. (0x12B)
[0516/182927:WARNING:pe_image_reader.cc(280)] could not read dos header from C:\Windows\SYSTEM32\SRVCLI.DLL
[0516/182927:ERROR:process_reader_win.cc(232)] ReadMemory at 0x735f0000 of 64 bytes failed: Запрос ReadProcessMemory или WriteProcessMemory был выполнен только частично. (0x12B)
[0516/182927:WARNING:pe_image_reader.cc(280)] could not read dos header from C:\Windows\SYSTEM32\NETUTILS.DLL
[0516/182927:ERROR:process_reader_win.cc(232)] ReadMemory at 0x683a0000 of 64 bytes failed: Запрос ReadProcessMemory или WriteProcessMemory был выполнен только частично. (0x12B)
[0516/182927:WARNING:pe_image_reader.cc(280)] could not read dos header from C:\PROGRA~1\AVASTS~1\Avast\Aavm4h.dll
[0516/182927:ERROR:process_reader_win.cc(232)] ReadMemory at 0x6b750000 of 64 bytes failed: Запрос ReadProcessMemory или WriteProcessMemory был выполнен только частично. (0x12B)
[0516/182927:WARNING:pe_image_reader.cc(280)] could not read dos header from C:\Windows\SYSTEM32\dwrite.dll
[0516/182927:ERROR:process_reader_win.cc(98)] process 1832 not found
[0516/182927:ERROR:process_reader_win.cc(232)] ReadMemory at 0x9cd1b4 of 12 bytes failed: Запрос ReadProcessMemory или WriteProcessMemory был выполнен только частично. (0x12B)
[0516/182927:WARNING:process_snapshot_win.cc(96)] ReadMemory ExceptionInformation failed
[0516/182927:WARNING:crash_report_exception_handler.cc(60)] ProcessSnapshotWin::InitializeException failed
[0516/182927:ERROR:scoped_process_suspend.cc(38)] NtResumeProcess, ntstatus=-1073741558
